[debug] [2025-04-20T02:22:40.047Z] ----------------------------------------------------------------------
[debug] [2025-04-20T02:22:40.049Z] Command:       C:\Program Files\nodejs\node.exe C:\Users\watha\AppData\Roaming\npm\node_modules\firebase-tools\lib\bin\firebase.js init
[debug] [2025-04-20T02:22:40.050Z] CLI Version:   14.2.0
[debug] [2025-04-20T02:22:40.050Z] Platform:      win32
[debug] [2025-04-20T02:22:40.050Z] Node Version:  v22.14.0
[debug] [2025-04-20T02:22:40.050Z] Time:          Sun Apr 20 2025 09:22:40 GMT+0700 (เวลาอินโดจีน)
[debug] [2025-04-20T02:22:40.051Z] ----------------------------------------------------------------------
[debug] 
[debug] [2025-04-20T02:22:40.235Z] > command requires scopes: ["email","openid","https://www.googleapis.com/auth/cloudplatformprojects.readonly","https://www.googleapis.com/auth/firebase","https://www.googleapis.com/auth/cloud-platform"]
[debug] [2025-04-20T02:22:40.235Z] > authorizing via signed-in user (r.wathana@gmail.com)
[info] 
     ######## #### ########  ######## ########     ###     ######  ########
     ##        ##  ##     ## ##       ##     ##  ##   ##  ##       ##
     ######    ##  ########  ######   ########  #########  ######  ######
     ##        ##  ##    ##  ##       ##     ## ##     ##       ## ##
     ##       #### ##     ## ######## ########  ##     ##  ######  ########

You're about to initialize a Firebase project in this directory:

  G:\HOTEL-MANAGEMENT\hotel-management

Before we get started, keep in mind:

  * You are initializing within an existing Firebase project directory

[info] 
=== Project Setup
[info] 
[info] First, let's associate this project directory with a Firebase project.
[info] You can create multiple project aliases by running firebase use --add, 
[info] but for now we'll just set up a default project.
[info] 
[debug] [2025-04-20T02:22:56.571Z] Using project from CLI flag: hotel-management-8a036
[debug] [2025-04-20T02:22:56.572Z] Checked if tokens are valid: true, expires at: 1745118900599
[debug] [2025-04-20T02:22:56.572Z] Checked if tokens are valid: true, expires at: 1745118900599
[debug] [2025-04-20T02:22:56.573Z] >>> [apiv2][query] GET https://firebase.googleapis.com/v1beta1/projects/hotel-management-8a036 [none]
[debug] [2025-04-20T02:22:57.203Z] <<< [apiv2][status] GET https://firebase.googleapis.com/v1beta1/projects/hotel-management-8a036 200
[debug] [2025-04-20T02:22:57.203Z] <<< [apiv2][body] GET https://firebase.googleapis.com/v1beta1/projects/hotel-management-8a036 {"projectId":"hotel-management-8a036","projectNumber":"556564460122","displayName":"hotel-management","name":"projects/hotel-management-8a036","resources":{"hostingSite":"hotel-management-8a036"},"state":"ACTIVE","etag":"1_d1bf0593-c32e-477a-8447-de7164be4387"}
[info] i  Using project hotel-management-8a036 (hotel-management) 
[info] 
=== Firestore Setup
[debug] [2025-04-20T02:22:57.208Z] Checked if tokens are valid: true, expires at: 1745118900599
[debug] [2025-04-20T02:22:57.208Z] Checked if tokens are valid: true, expires at: 1745118900599
[debug] [2025-04-20T02:22:57.209Z] >>> [apiv2][query] GET https://serviceusage.googleapis.com/v1/projects/hotel-management-8a036/services/firestore.googleapis.com [none]
[debug] [2025-04-20T02:22:57.209Z] >>> [apiv2][(partial)header] GET https://serviceusage.googleapis.com/v1/projects/hotel-management-8a036/services/firestore.googleapis.com x-goog-quota-user=projects/hotel-management-8a036
[debug] [2025-04-20T02:22:58.721Z] <<< [apiv2][status] GET https://serviceusage.googleapis.com/v1/projects/hotel-management-8a036/services/firestore.googleapis.com 200
[debug] [2025-04-20T02:22:58.721Z] <<< [apiv2][body] GET https://serviceusage.googleapis.com/v1/projects/hotel-management-8a036/services/firestore.googleapis.com [omitted]
[debug] [2025-04-20T02:22:58.721Z] Checked if tokens are valid: true, expires at: 1745118900599
[debug] [2025-04-20T02:22:58.721Z] Checked if tokens are valid: true, expires at: 1745118900599
[debug] [2025-04-20T02:22:58.721Z] >>> [apiv2][query] GET https://firestore.googleapis.com/v1/projects/hotel-management-8a036/databases/(default) [none]
[debug] [2025-04-20T02:22:58.938Z] <<< [apiv2][status] GET https://firestore.googleapis.com/v1/projects/hotel-management-8a036/databases/(default) 404
[debug] [2025-04-20T02:22:58.938Z] <<< [apiv2][body] GET https://firestore.googleapis.com/v1/projects/hotel-management-8a036/databases/(default) {"error":{"code":404,"message":"Project 'hotel-management-8a036' or database '(default)' does not exist.","status":"NOT_FOUND"}}
[debug] [2025-04-20T02:22:58.939Z] error getting database type:  Request to https://firestore.googleapis.com/v1/projects/hotel-management-8a036/databases/(default) had HTTP Error: 404, Project 'hotel-management-8a036' or database '(default)' does not exist. {"name":"FirebaseError","children":[],"context":{"body":{"error":{"code":404,"message":"Project 'hotel-management-8a036' or database '(default)' does not exist.","status":"NOT_FOUND"}},"response":{"statusCode":404}},"exit":1,"message":"Request to https://firestore.googleapis.com/v1/projects/hotel-management-8a036/databases/(default) had HTTP Error: 404, Project 'hotel-management-8a036' or database '(default)' does not exist.","status":404}
[info] (default) does not exist in project hotel-management-8a036.
[debug] [2025-04-20T02:22:58.939Z] database_type: DATABASE_DOES_NOT_EXIST
[debug] [2025-04-20T02:23:02.005Z] Checked if tokens are valid: true, expires at: 1745118900599
[debug] [2025-04-20T02:23:02.005Z] Checked if tokens are valid: true, expires at: 1745118900599
[debug] [2025-04-20T02:23:02.005Z] >>> [apiv2][query] GET https://firestore.googleapis.com/v1/projects/hotel-management-8a036/databases/hotel-data [none]
[debug] [2025-04-20T02:23:02.125Z] <<< [apiv2][status] GET https://firestore.googleapis.com/v1/projects/hotel-management-8a036/databases/hotel-data 404
[debug] [2025-04-20T02:23:02.125Z] <<< [apiv2][body] GET https://firestore.googleapis.com/v1/projects/hotel-management-8a036/databases/hotel-data {"error":{"code":404,"message":"Project 'hotel-management-8a036' or database 'hotel-data' does not exist.","status":"NOT_FOUND"}}
[debug] [2025-04-20T02:23:02.125Z] error getting database type:  Request to https://firestore.googleapis.com/v1/projects/hotel-management-8a036/databases/hotel-data had HTTP Error: 404, Project 'hotel-management-8a036' or database 'hotel-data' does not exist. {"name":"FirebaseError","children":[],"context":{"body":{"error":{"code":404,"message":"Project 'hotel-management-8a036' or database 'hotel-data' does not exist.","status":"NOT_FOUND"}},"response":{"statusCode":404}},"exit":1,"message":"Request to https://firestore.googleapis.com/v1/projects/hotel-management-8a036/databases/hotel-data had HTTP Error: 404, Project 'hotel-management-8a036' or database 'hotel-data' does not exist.","status":404}
[info] hotel-data does not exist in project hotel-management-8a036.
[debug] [2025-04-20T02:23:02.126Z] database_type: DATABASE_DOES_NOT_EXIST
